<?xml version="1.0" encoding="UTF-8"?>
<!-- Generated by org.testng.reporters.JUnitReportReporter -->
<testsuite hostname="DESKTOP-QVM6J4J" failures="0" tests="2" name="com.Test.LoginTest" time="8.092" errors="0" timestamp="2025-01-11T19:27:28 IST" skipped="0">
  <testcase classname="com.Test.LoginTest" name="verifyLoginwithValidCredentials" time="4.891"/>
  <system-out/>
  <testcase classname="com.Test.LoginTest" name="verifyLoginwithValidCredentials_001" time="3.201"/>
  <system-out/>
</testsuite> <!-- com.Test.LoginTest -->
